2026-02-14 20:41:25,564 - __main__ - INFO - Starting Feature Engineering...
2026-02-14 20:41:25,636 - __main__ - INFO - Fitting FeatureEngineer...
2026-02-14 20:41:25,792 - __main__ - INFO - Isolation Forest fitted.
2026-02-14 20:41:25,792 - __main__ - INFO - Transforming data...
2026-02-14 20:41:25,792 - __main__ - INFO - Generating rolling features...
2026-02-14 20:41:26,096 - __main__ - INFO - Generating lag features...
2026-02-14 20:41:26,146 - __main__ - INFO - Generating statistical features...
2026-02-14 20:41:26,232 - __main__ - INFO - Generating domain features...
2026-02-14 20:41:26,287 - __main__ - INFO - Generating trend features...
2026-02-14 20:41:26,324 - __main__ - INFO - Feature engineering complete. New shape: (13818, 298)
2026-02-14 20:41:26,324 - __main__ - INFO - Generated 271 new features.
2026-02-14 20:41:26,324 - __main__ - INFO - Transforming data...
2026-02-14 20:41:26,325 - __main__ - INFO - Generating rolling features...
2026-02-14 20:41:26,395 - __main__ - INFO - Generating lag features...
2026-02-14 20:41:26,401 - __main__ - INFO - Generating statistical features...
2026-02-14 20:41:26,421 - __main__ - INFO - Generating domain features...
2026-02-14 20:41:26,439 - __main__ - INFO - Generating trend features...
2026-02-14 20:41:26,443 - __main__ - INFO - Feature engineering complete. New shape: (3913, 298)
2026-02-14 20:41:26,443 - __main__ - INFO - Generated 271 new features.
2026-02-14 20:41:26,443 - __main__ - INFO - Calculating feature importance...
2026-02-14 20:41:26,508 - __main__ - ERROR - Feature Engineering failed: could not convert string to float: '2024-01-02 07:00:00'
2026-02-14 20:44:24,169 - __main__ - INFO - Starting Feature Engineering...
2026-02-14 20:44:24,219 - __main__ - INFO - Fitting FeatureEngineer...
2026-02-14 20:44:24,339 - __main__ - INFO - Isolation Forest fitted.
2026-02-14 20:44:24,339 - __main__ - INFO - Transforming data...
2026-02-14 20:44:24,339 - __main__ - INFO - Generating rolling features...
2026-02-14 20:44:24,635 - __main__ - INFO - Generating lag features...
2026-02-14 20:44:24,687 - __main__ - INFO - Generating statistical features...
2026-02-14 20:44:24,774 - __main__ - INFO - Generating domain features...
2026-02-14 20:44:24,833 - __main__ - INFO - Generating trend features...
2026-02-14 20:44:24,860 - __main__ - INFO - Feature engineering complete. New shape: (13818, 297)
2026-02-14 20:44:24,861 - __main__ - INFO - Generated 270 new features.
2026-02-14 20:44:24,861 - __main__ - INFO - Transforming data...
2026-02-14 20:44:24,861 - __main__ - INFO - Generating rolling features...
2026-02-14 20:44:24,934 - __main__ - INFO - Generating lag features...
2026-02-14 20:44:24,941 - __main__ - INFO - Generating statistical features...
2026-02-14 20:44:24,956 - __main__ - INFO - Generating domain features...
2026-02-14 20:44:24,982 - __main__ - INFO - Generating trend features...
2026-02-14 20:44:24,986 - __main__ - INFO - Feature engineering complete. New shape: (3913, 297)
2026-02-14 20:44:24,986 - __main__ - INFO - Generated 270 new features.
2026-02-14 20:44:24,986 - __main__ - INFO - Calculating feature importance...
2026-02-14 20:44:29,694 - __main__ - INFO - Top 10 features:
2026-02-14 20:44:29,694 - __main__ - INFO -                   feature  importance
5      s_4_rolling_mean_7    0.204633
110          s_17_ewma_14    0.124935
49             s_4_ewma_7    0.111561
1             day_of_week    0.066008
66   s_17_rolling_mean_14    0.038352
224            s_3_cumsum    0.033970
226            s_7_cumsum    0.021472
60    s_4_rolling_mean_14    0.019857
256         anomaly_score    0.013417
148    s_4_rolling_max_30    0.012948
2026-02-14 20:44:33,122 - __main__ - INFO - Engineered features saved to /Users/jay-mac/Documents/End to End ML Projects/prediction project/data/processed
2026-02-15 13:24:00,181 - src.inference - INFO - Loading inference artifacts...
2026-02-15 13:24:00,196 - src.inference - INFO - Artifacts loaded successfully.
2026-02-15 13:24:00,214 - api - INFO - Starting up API...
2026-02-18 01:24:13,539 - src.inference - INFO - Loading inference artifacts...
2026-02-18 01:24:13,570 - src.inference - INFO - Artifacts loaded successfully.
2026-02-18 01:24:13,594 - api - INFO - Starting up API...
2026-02-18 01:24:13,621 - src.inference - INFO - Loading inference artifacts...
2026-02-18 01:24:13,622 - src.inference - INFO - Loading inference artifacts...
2026-02-18 01:24:13,644 - src.inference - INFO - Artifacts loaded successfully.
2026-02-18 01:24:13,644 - src.inference - INFO - Artifacts loaded successfully.
2026-02-18 01:24:13,665 - api - INFO - Starting up API...
2026-02-18 01:24:13,665 - api - INFO - Starting up API...
2026-02-18 01:24:13,739 - src.inference - INFO - Loading inference artifacts...
2026-02-18 01:24:13,763 - src.inference - INFO - Artifacts loaded successfully.
2026-02-18 01:24:13,781 - api - INFO - Starting up API...
